  Game.cpp
D:\GitHub\metroid\metroid-mon-reuf\MetroidDeOuf\Cours04\Game.cpp(34,53): warning C4244: 'argument' : conversion de 'const int' en 'T', perte possible de données
          with
          [
              T=float
          ]
D:\GitHub\metroid\metroid-mon-reuf\MetroidDeOuf\Cours04\Game.cpp(34,46): warning C4244: 'argument' : conversion de 'const int' en 'T', perte possible de données
          with
          [
              T=float
          ]
D:\GitHub\metroid\metroid-mon-reuf\MetroidDeOuf\Cours04\Game.cpp(42,64): warning C4244: 'argument' : conversion de 'T' en 'T', perte possible de données
          with
          [
              T=unsigned int
          ]
          and
          [
              T=float
          ]
D:\GitHub\metroid\metroid-mon-reuf\MetroidDeOuf\Cours04\Game.cpp(42,44): warning C4244: 'argument' : conversion de 'T' en 'T', perte possible de données
          with
          [
              T=unsigned int
          ]
          and
          [
              T=float
          ]
D:\GitHub\metroid\metroid-mon-reuf\MetroidDeOuf\Cours04\Game.cpp(43,73): warning C4244: 'argument' : conversion de 'T' en 'T', perte possible de données
          with
          [
              T=unsigned int
          ]
          and
          [
              T=float
          ]
D:\GitHub\metroid\metroid-mon-reuf\MetroidDeOuf\Cours04\Game.cpp(43,49): warning C4244: 'argument' : conversion de 'T' en 'T', perte possible de données
          with
          [
              T=unsigned int
          ]
          and
          [
              T=float
          ]
D:\GitHub\metroid\metroid-mon-reuf\MetroidDeOuf\Cours04\Game.cpp(95,52): warning C4244: 'argument' : conversion de 'int' en 'T', perte possible de données
          with
          [
              T=float
          ]
D:\GitHub\metroid\metroid-mon-reuf\MetroidDeOuf\Cours04\Game.cpp(95,44): warning C4244: 'argument' : conversion de 'int' en 'T', perte possible de données
          with
          [
              T=float
          ]
D:\GitHub\metroid\metroid-mon-reuf\MetroidDeOuf\Cours04\Game.cpp(104,49): warning C4244: 'argument' : conversion de 'const int' en 'T', perte possible de données
          with
          [
              T=float
          ]
D:\GitHub\metroid\metroid-mon-reuf\MetroidDeOuf\Cours04\Game.cpp(104,42): warning C4244: 'argument' : conversion de 'const int' en 'T', perte possible de données
          with
          [
              T=float
          ]
D:\GitHub\metroid\metroid-mon-reuf\MetroidDeOuf\Cours04\Game.cpp(210,15): warning C4473: 'fscanf_s' : nombre insuffisant d'arguments passés pour la chaîne de format
D:\GitHub\metroid\metroid-mon-reuf\MetroidDeOuf\Cours04\Game.cpp(210,15): message : les espaces réservés et leurs paramètres attendent des arguments 3 variadiques, mais des arguments 2 ont été fournis
D:\GitHub\metroid\metroid-mon-reuf\MetroidDeOuf\Cours04\Game.cpp(210,15): message : l'argument variadique manquant 3 est demandé par la chaîne de format '%lld'
D:\GitHub\metroid\metroid-mon-reuf\MetroidDeOuf\Cours04\Game.cpp(212,35): warning C4244: 'argument' : conversion de 'int64_t' en 'int', perte possible de données
D:\GitHub\metroid\metroid-mon-reuf\MetroidDeOuf\Cours04\Game.cpp(214,29): warning C4244: '=' : conversion de 'int64_t' en 'int', perte possible de données
D:\GitHub\metroid\metroid-mon-reuf\MetroidDeOuf\Cours04\Game.cpp(495,66): warning C4244: 'argument' : conversion de 'T' en 'int', perte possible de données
          with
          [
              T=float
          ]
D:\GitHub\metroid\metroid-mon-reuf\MetroidDeOuf\Cours04\Game.cpp(495,40): warning C4244: 'argument' : conversion de 'T' en 'int', perte possible de données
          with
          [
              T=float
          ]
D:\GitHub\metroid\metroid-mon-reuf\MetroidDeOuf\Cours04\Game.cpp(500,71): warning C4244: 'argument' : conversion de 'T' en 'int', perte possible de données
          with
          [
              T=float
          ]
D:\GitHub\metroid\metroid-mon-reuf\MetroidDeOuf\Cours04\Game.cpp(500,45): warning C4244: 'argument' : conversion de 'T' en 'int', perte possible de données
          with
          [
              T=float
          ]
D:\GitHub\metroid\metroid-mon-reuf\MetroidDeOuf\Cours04\Game.cpp(505,72): warning C4244: 'argument' : conversion de 'T' en 'int', perte possible de données
          with
          [
              T=float
          ]
D:\GitHub\metroid\metroid-mon-reuf\MetroidDeOuf\Cours04\Game.cpp(505,46): warning C4244: 'argument' : conversion de 'T' en 'int', perte possible de données
          with
          [
              T=float
          ]
D:\GitHub\metroid\metroid-mon-reuf\MetroidDeOuf\Cours04\Game.cpp(510,69): warning C4244: 'argument' : conversion de 'T' en 'int', perte possible de données
          with
          [
              T=float
          ]
D:\GitHub\metroid\metroid-mon-reuf\MetroidDeOuf\Cours04\Game.cpp(510,43): warning C4244: 'argument' : conversion de 'T' en 'int', perte possible de données
          with
          [
              T=float
          ]
D:\GitHub\metroid\metroid-mon-reuf\MetroidDeOuf\Cours04\Game.cpp(515,77): warning C4244: 'argument' : conversion de 'T' en 'int', perte possible de données
          with
          [
              T=float
          ]
D:\GitHub\metroid\metroid-mon-reuf\MetroidDeOuf\Cours04\Game.cpp(515,51): warning C4244: 'argument' : conversion de 'T' en 'int', perte possible de données
          with
          [
              T=float
          ]
D:\GitHub\metroid\metroid-mon-reuf\MetroidDeOuf\Cours04\Game.cpp(613,14): warning C4244: 'initialisation' : conversion de 'int' en 'float', perte possible de données
D:\GitHub\metroid\metroid-mon-reuf\MetroidDeOuf\Cours04\Game.cpp(616,36): warning C4244: 'argument' : conversion de 'float' en 'int', perte possible de données
D:\GitHub\metroid\metroid-mon-reuf\MetroidDeOuf\Cours04\Game.cpp(659,42): warning C4244: '=' : conversion de 'int' en 'float', perte possible de données
D:\GitHub\metroid\metroid-mon-reuf\MetroidDeOuf\Cours04\Game.cpp(781,25): warning C4244: 'argument' : conversion de 'float' en 'int', perte possible de données
D:\GitHub\metroid\metroid-mon-reuf\MetroidDeOuf\Cours04\Game.cpp(870,35): warning C4244: 'argument' : conversion de 'int' en 'float', perte possible de données
D:\GitHub\metroid\metroid-mon-reuf\MetroidDeOuf\Cours04\Game.cpp(895,29): warning C4305: 'argument' : troncation de 'int' à 'char'
D:\GitHub\metroid\metroid-mon-reuf\MetroidDeOuf\Cours04\Game.cpp(895,23): warning C4309: 'argument' : troncation de valeur de constante
D:\GitHub\metroid\metroid-mon-reuf\MetroidDeOuf\Cours04\Game.cpp(915,56): warning C4305: 'argument' : troncation de 'int' à 'char'
D:\GitHub\metroid\metroid-mon-reuf\MetroidDeOuf\Cours04\Game.cpp(915,50): warning C4309: 'argument' : troncation de valeur de constante
D:\GitHub\metroid\metroid-mon-reuf\MetroidDeOuf\Cours04\Game.cpp(935,16): warning C4244: '=' : conversion de 'int64_t' en 'int', perte possible de données
D:\GitHub\metroid\metroid-mon-reuf\MetroidDeOuf\Cours04\Game.cpp(936,20): warning C4244: '=' : conversion de 'int64_t' en 'int', perte possible de données
D:\GitHub\metroid\metroid-mon-reuf\MetroidDeOuf\Cours04\Game.cpp(937,27): warning C4244: '=' : conversion de 'int64_t' en 'float', perte possible de données
D:\GitHub\metroid\metroid-mon-reuf\MetroidDeOuf\Cours04\Game.cpp(938,27): warning C4305: 'argument' : troncation de 'int' à 'char'
D:\GitHub\metroid\metroid-mon-reuf\MetroidDeOuf\Cours04\Game.cpp(938,21): warning C4309: 'argument' : troncation de valeur de constante
D:\GitHub\metroid\metroid-mon-reuf\MetroidDeOuf\Cours04\Game.cpp(938,31): warning C4244: '=' : conversion de 'int64_t' en 'int', perte possible de données
D:\GitHub\metroid\metroid-mon-reuf\MetroidDeOuf\Cours04\Game.cpp(1062,33): warning C4244: 'argument' : conversion de 'int' en 'float', perte possible de données
D:\GitHub\metroid\metroid-mon-reuf\MetroidDeOuf\Cours04\Game.cpp(1062,21): warning C4244: 'argument' : conversion de 'int' en 'float', perte possible de données
D:\GitHub\metroid\metroid-mon-reuf\MetroidDeOuf\Cours04\Game.cpp(348): warning C4715: 'Game::pressSelectedButtonOptions' : les chemins de contrôle ne retournent pas tous une valeur
  Cours04.vcxproj -> D:\GitHub\metroid\metroid-mon-reuf\MetroidDeOuf\x64\Debug\MetroidDeOuf.exe
